<?xml version="1.0" encoding="UTF-8"?>
<testng-results skipped="0" failed="0" total="1" passed="1">
  <reporter-output>
  </reporter-output>
  <suite name="Default suite" duration-ms="36" started-at="2016-07-12T20:16:08Z" finished-at="2016-07-12T20:16:08Z">
    <groups>
    </groups>
    <test name="Default test" duration-ms="36" started-at="2016-07-12T20:16:08Z" finished-at="2016-07-12T20:16:08Z">
      <class name="com.selenium.maven.mavenDemo">
        <test-method status="PASS" signature="firstTest()[pri:0, instance:com.selenium.maven.mavenDemo@8bd1b6a]" name="firstTest" duration-ms="11" started-at="2016-07-13T01:46:08Z" finished-at="2016-07-13T01:46:08Z">
          <reporter-output>
          </reporter-output>
        </test-method> <!-- firstTest -->
      </class> <!-- com.selenium.maven.mavenDemo -->
    </test> <!-- Default test -->
  </suite> <!-- Default suite -->
</testng-results>
